<?xml version="1.0" encoding="UTF-8"?>
<!-- Generated by org.testng.reporters.JUnitXMLReporter -->
<testsuite ignored="0" hostname="DESKTOP-0E841PR" failures="0" tests="9" name="Default test" time="11.986" errors="0" timestamp="2024-12-22T15:07:17 CET">
  <testcase classname="api.test.DDTests" name="testPostUser" time="3.836"/>
  <testcase classname="api.test.DDTests" name="testPostUser" time="0.548"/>
  <testcase classname="api.test.DDTests" name="testPostUser" time="0.477"/>
  <testcase classname="api.test.DDTests" name="testGetUserByName" time="0.553"/>
  <testcase classname="api.test.DDTests" name="testGetUserByName" time="0.527"/>
  <testcase classname="api.test.DDTests" name="testGetUserByName" time="0.506"/>
  <testcase classname="api.test.DDTests" name="testDeleteUserByName" time="0.423"/>
  <testcase classname="api.test.DDTests" name="testDeleteUserByName" time="0.503"/>
  <testcase classname="api.test.DDTests" name="testDeleteUserByName" time="0.511"/>
</testsuite> <!-- Default test -->
