<?xml version="1.0" encoding="UTF-8"?>
<testng-results ignored="0" total="16" passed="16" failed="0" skipped="0">
  <reporter-output>
  </reporter-output>
  <suite started-at="2024-12-22T15:49:22 CET" name="PetSuite" finished-at="2024-12-22T15:49:39 CET" duration-ms="16953">
    <groups>
    </groups>
    <test started-at="2024-12-22T15:49:22 CET" name="PetTests" finished-at="2024-12-22T15:49:39 CET" duration-ms="16953">
      <class name="api.test.UserTests2">
        <test-method is-config="true" signature="setup()[pri:0, instance:api.test.UserTests2@37ceb1df]" started-at="2024-12-22T15:49:22 CET" name="setup" finished-at="2024-12-22T15:49:24 CET" duration-ms="1310" status="PASS">
          <reporter-output>
          </reporter-output>
        </test-method> <!-- setup -->
        <test-method signature="testPostUser()[pri:1, instance:api.test.UserTests2@37ceb1df]" started-at="2024-12-22T15:49:24 CET" name="testPostUser" finished-at="2024-12-22T15:49:28 CET" duration-ms="4125" status="PASS">
          <reporter-output>
          </reporter-output>
        </test-method> <!-- testPostUser -->
        <test-method signature="testGetUserByName()[pri:2, instance:api.test.UserTests2@37ceb1df]" started-at="2024-12-22T15:49:28 CET" name="testGetUserByName" finished-at="2024-12-22T15:49:28 CET" duration-ms="559" status="PASS">
          <reporter-output>
          </reporter-output>
        </test-method> <!-- testGetUserByName -->
        <test-method signature="testUpdateUserByName()[pri:3, instance:api.test.UserTests2@37ceb1df]" started-at="2024-12-22T15:49:28 CET" name="testUpdateUserByName" finished-at="2024-12-22T15:49:29 CET" duration-ms="939" status="PASS">
          <reporter-output>
          </reporter-output>
        </test-method> <!-- testUpdateUserByName -->
        <test-method signature="testDeleteUserByName()[pri:4, instance:api.test.UserTests2@37ceb1df]" started-at="2024-12-22T15:49:29 CET" name="testDeleteUserByName" finished-at="2024-12-22T15:49:30 CET" duration-ms="471" status="PASS">
          <reporter-output>
          </reporter-output>
        </test-method> <!-- testDeleteUserByName -->
      </class> <!-- api.test.UserTests2 -->
      <class name="api.test.StoreTests">
        <test-method is-config="true" signature="setupData()[pri:0, instance:api.test.StoreTests@ae13544]" started-at="2024-12-22T15:49:37 CET" name="setupData" finished-at="2024-12-22T15:49:37 CET" duration-ms="38" status="PASS">
          <reporter-output>
          </reporter-output>
        </test-method> <!-- setupData -->
        <test-method signature="testPostOrder()[pri:1, instance:api.test.StoreTests@ae13544]" started-at="2024-12-22T15:49:37 CET" name="testPostOrder" finished-at="2024-12-22T15:49:38 CET" duration-ms="426" status="PASS">
          <reporter-output>
          </reporter-output>
        </test-method> <!-- testPostOrder -->
        <test-method signature="testGetOrderById()[pri:2, instance:api.test.StoreTests@ae13544]" started-at="2024-12-22T15:49:38 CET" name="testGetOrderById" finished-at="2024-12-22T15:49:38 CET" duration-ms="535" status="PASS">
          <reporter-output>
          </reporter-output>
        </test-method> <!-- testGetOrderById -->
        <test-method signature="testDeleteOrderById()[pri:3, instance:api.test.StoreTests@ae13544]" started-at="2024-12-22T15:49:38 CET" name="testDeleteOrderById" finished-at="2024-12-22T15:49:39 CET" duration-ms="523" status="PASS">
          <reporter-output>
          </reporter-output>
        </test-method> <!-- testDeleteOrderById -->
      </class> <!-- api.test.StoreTests -->
      <class name="api.test.DDTests">
        <test-method signature="testPostUser(java.lang.String,java.lang.String,java.lang.String,java.lang.String,java.lang.String,java.lang.String,java.lang.String)[pri:1, instance:api.test.DDTests@6f4a47c7]" started-at="2024-12-22T15:49:32 CET" name="testPostUser" data-provider="Data" finished-at="2024-12-22T15:49:33 CET" duration-ms="563" status="PASS">
          <params>
            <param index="0">
              <value>
                <![CDATA[1010]]>
              </value>
            </param>
            <param index="1">
              <value>
                <![CDATA[testuser1]]>
              </value>
            </param>
            <param index="2">
              <value>
                <![CDATA[John]]>
              </value>
            </param>
            <param index="3">
              <value>
                <![CDATA[Kajib]]>
              </value>
            </param>
            <param index="4">
              <value>
                <![CDATA[a@gmail.com]]>
              </value>
            </param>
            <param index="5">
              <value>
                <![CDATA[test@1]]>
              </value>
            </param>
            <param index="6">
              <value>
                <![CDATA[1784298249]]>
              </value>
            </param>
          </params>
          <reporter-output>
          </reporter-output>
        </test-method> <!-- testPostUser -->
        <test-method signature="testPostUser(java.lang.String,java.lang.String,java.lang.String,java.lang.String,java.lang.String,java.lang.String,java.lang.String)[pri:1, instance:api.test.DDTests@6f4a47c7]" started-at="2024-12-22T15:49:33 CET" name="testPostUser" data-provider="Data" finished-at="2024-12-22T15:49:33 CET" duration-ms="531" status="PASS">
          <params>
            <param index="0">
              <value>
                <![CDATA[1020]]>
              </value>
            </param>
            <param index="1">
              <value>
                <![CDATA[testuser2]]>
              </value>
            </param>
            <param index="2">
              <value>
                <![CDATA[Kim]]>
              </value>
            </param>
            <param index="3">
              <value>
                <![CDATA[Roffel]]>
              </value>
            </param>
            <param index="4">
              <value>
                <![CDATA[b@gmail.com]]>
              </value>
            </param>
            <param index="5">
              <value>
                <![CDATA[test@2]]>
              </value>
            </param>
            <param index="6">
              <value>
                <![CDATA[1784243873]]>
              </value>
            </param>
          </params>
          <reporter-output>
          </reporter-output>
        </test-method> <!-- testPostUser -->
        <test-method signature="testPostUser(java.lang.String,java.lang.String,java.lang.String,java.lang.String,java.lang.String,java.lang.String,java.lang.String)[pri:1, instance:api.test.DDTests@6f4a47c7]" started-at="2024-12-22T15:49:33 CET" name="testPostUser" data-provider="Data" finished-at="2024-12-22T15:49:34 CET" duration-ms="457" status="PASS">
          <params>
            <param index="0">
              <value>
                <![CDATA[1030]]>
              </value>
            </param>
            <param index="1">
              <value>
                <![CDATA[testuser3]]>
              </value>
            </param>
            <param index="2">
              <value>
                <![CDATA[Fabrice]]>
              </value>
            </param>
            <param index="3">
              <value>
                <![CDATA[Kronwell]]>
              </value>
            </param>
            <param index="4">
              <value>
                <![CDATA[c@gmail.com]]>
              </value>
            </param>
            <param index="5">
              <value>
                <![CDATA[test@3]]>
              </value>
            </param>
            <param index="6">
              <value>
                <![CDATA[8387483478]]>
              </value>
            </param>
          </params>
          <reporter-output>
          </reporter-output>
        </test-method> <!-- testPostUser -->
        <test-method signature="testGetUserByName(java.lang.String)[pri:2, instance:api.test.DDTests@6f4a47c7]" started-at="2024-12-22T15:49:34 CET" name="testGetUserByName" data-provider="UserNames" finished-at="2024-12-22T15:49:34 CET" duration-ms="579" status="PASS">
          <params>
            <param index="0">
              <value>
                <![CDATA[testuser1]]>
              </value>
            </param>
          </params>
          <reporter-output>
          </reporter-output>
        </test-method> <!-- testGetUserByName -->
        <test-method signature="testGetUserByName(java.lang.String)[pri:2, instance:api.test.DDTests@6f4a47c7]" started-at="2024-12-22T15:49:34 CET" name="testGetUserByName" data-provider="UserNames" finished-at="2024-12-22T15:49:35 CET" duration-ms="601" status="PASS">
          <params>
            <param index="0">
              <value>
                <![CDATA[testuser2]]>
              </value>
            </param>
          </params>
          <reporter-output>
          </reporter-output>
        </test-method> <!-- testGetUserByName -->
        <test-method signature="testGetUserByName(java.lang.String)[pri:2, instance:api.test.DDTests@6f4a47c7]" started-at="2024-12-22T15:49:35 CET" name="testGetUserByName" data-provider="UserNames" finished-at="2024-12-22T15:49:35 CET" duration-ms="524" status="PASS">
          <params>
            <param index="0">
              <value>
                <![CDATA[testuser3]]>
              </value>
            </param>
          </params>
          <reporter-output>
          </reporter-output>
        </test-method> <!-- testGetUserByName -->
        <test-method signature="testDeleteUserByName(java.lang.String)[pri:3, instance:api.test.DDTests@6f4a47c7]" started-at="2024-12-22T15:49:36 CET" name="testDeleteUserByName" data-provider="UserNames" finished-at="2024-12-22T15:49:36 CET" duration-ms="545" status="PASS">
          <params>
            <param index="0">
              <value>
                <![CDATA[testuser1]]>
              </value>
            </param>
          </params>
          <reporter-output>
          </reporter-output>
        </test-method> <!-- testDeleteUserByName -->
        <test-method signature="testDeleteUserByName(java.lang.String)[pri:3, instance:api.test.DDTests@6f4a47c7]" started-at="2024-12-22T15:49:36 CET" name="testDeleteUserByName" data-provider="UserNames" finished-at="2024-12-22T15:49:37 CET" duration-ms="498" status="PASS">
          <params>
            <param index="0">
              <value>
                <![CDATA[testuser2]]>
              </value>
            </param>
          </params>
          <reporter-output>
          </reporter-output>
        </test-method> <!-- testDeleteUserByName -->
        <test-method signature="testDeleteUserByName(java.lang.String)[pri:3, instance:api.test.DDTests@6f4a47c7]" started-at="2024-12-22T15:49:37 CET" name="testDeleteUserByName" data-provider="UserNames" finished-at="2024-12-22T15:49:37 CET" duration-ms="506" status="PASS">
          <params>
            <param index="0">
              <value>
                <![CDATA[testuser3]]>
              </value>
            </param>
          </params>
          <reporter-output>
          </reporter-output>
        </test-method> <!-- testDeleteUserByName -->
      </class> <!-- api.test.DDTests -->
    </test> <!-- PetTests -->
  </suite> <!-- PetSuite -->
</testng-results>
