<?xml version="1.0" encoding="UTF-8"?>
<!-- Generated by org.testng.reporters.JUnitXMLReporter -->
<testsuite ignored="0" hostname="DESKTOP-0E841PR" failures="0" tests="16" name="PetTests" time="14.965" errors="0" timestamp="2024-12-23T18:21:03 CET">
  <testcase classname="api.test.UserTests2" name="testPostUser" time="3.642"/>
  <testcase classname="api.test.UserTests2" name="testGetUserByName" time="0.532"/>
  <testcase classname="api.test.UserTests2" name="testUpdateUserByName" time="0.922"/>
  <testcase classname="api.test.UserTests2" name="testDeleteUserByName" time="0.469"/>
  <testcase classname="api.test.DDTests" name="testPostUser" time="0.484"/>
  <testcase classname="api.test.DDTests" name="testPostUser" time="0.454"/>
  <testcase classname="api.test.DDTests" name="testPostUser" time="0.469"/>
  <testcase classname="api.test.DDTests" name="testGetUserByName" time="0.469"/>
  <testcase classname="api.test.DDTests" name="testGetUserByName" time="0.484"/>
  <testcase classname="api.test.DDTests" name="testGetUserByName" time="0.501"/>
  <testcase classname="api.test.DDTests" name="testDeleteUserByName" time="0.513"/>
  <testcase classname="api.test.DDTests" name="testDeleteUserByName" time="0.459"/>
  <testcase classname="api.test.DDTests" name="testDeleteUserByName" time="0.453"/>
  <testcase classname="api.test.StoreTests" name="testPostOrder" time="0.474"/>
  <testcase classname="api.test.StoreTests" name="testGetOrderById" time="0.485"/>
  <testcase classname="api.test.StoreTests" name="testDeleteOrderById" time="0.474"/>
</testsuite> <!-- PetTests -->
