<?xml version="1.0" encoding="UTF-8"?>
<!-- Generated by org.testng.reporters.JUnitXMLReporter -->
<testsuite ignored="0" hostname="DESKTOP-0E841PR" failures="0" tests="16" name="PetTests" time="17.756" errors="0" timestamp="2024-12-23T08:11:41 CET">
  <testcase classname="api.test.UserTests2" name="testPostUser" time="5.592"/>
  <testcase classname="api.test.UserTests2" name="testGetUserByName" time="0.517"/>
  <testcase classname="api.test.UserTests2" name="testUpdateUserByName" time="1.025"/>
  <testcase classname="api.test.UserTests2" name="testDeleteUserByName" time="0.479"/>
  <testcase classname="api.test.DDTests" name="testPostUser" time="0.484"/>
  <testcase classname="api.test.DDTests" name="testPostUser" time="0.497"/>
  <testcase classname="api.test.DDTests" name="testPostUser" time="0.452"/>
  <testcase classname="api.test.DDTests" name="testGetUserByName" time="0.472"/>
  <testcase classname="api.test.DDTests" name="testGetUserByName" time="0.487"/>
  <testcase classname="api.test.DDTests" name="testGetUserByName" time="0.462"/>
  <testcase classname="api.test.DDTests" name="testDeleteUserByName" time="0.499"/>
  <testcase classname="api.test.DDTests" name="testDeleteUserByName" time="0.482"/>
  <testcase classname="api.test.DDTests" name="testDeleteUserByName" time="0.492"/>
  <testcase classname="api.test.StoreTests" name="testPostOrder" time="0.49"/>
  <testcase classname="api.test.StoreTests" name="testGetOrderById" time="0.462"/>
  <testcase classname="api.test.StoreTests" name="testDeleteOrderById" time="0.442"/>
</testsuite> <!-- PetTests -->
