<?xml version="1.0" encoding="UTF-8"?>
<!-- Generated by org.testng.reporters.JUnitXMLReporter -->
<testsuite ignored="0" hostname="DESKTOP-0E841PR" failures="0" tests="16" name="PetTests" time="16.953" errors="0" timestamp="2024-12-22T15:49:39 CET">
  <testcase classname="api.test.UserTests2" name="testPostUser" time="4.125"/>
  <testcase classname="api.test.UserTests2" name="testGetUserByName" time="0.559"/>
  <testcase classname="api.test.UserTests2" name="testUpdateUserByName" time="0.939"/>
  <testcase classname="api.test.UserTests2" name="testDeleteUserByName" time="0.471"/>
  <testcase classname="api.test.DDTests" name="testPostUser" time="0.563"/>
  <testcase classname="api.test.DDTests" name="testPostUser" time="0.531"/>
  <testcase classname="api.test.DDTests" name="testPostUser" time="0.457"/>
  <testcase classname="api.test.DDTests" name="testGetUserByName" time="0.579"/>
  <testcase classname="api.test.DDTests" name="testGetUserByName" time="0.601"/>
  <testcase classname="api.test.DDTests" name="testGetUserByName" time="0.524"/>
  <testcase classname="api.test.DDTests" name="testDeleteUserByName" time="0.545"/>
  <testcase classname="api.test.DDTests" name="testDeleteUserByName" time="0.498"/>
  <testcase classname="api.test.DDTests" name="testDeleteUserByName" time="0.506"/>
  <testcase classname="api.test.StoreTests" name="testPostOrder" time="0.426"/>
  <testcase classname="api.test.StoreTests" name="testGetOrderById" time="0.535"/>
  <testcase classname="api.test.StoreTests" name="testDeleteOrderById" time="0.523"/>
</testsuite> <!-- PetTests -->
